<?xml version="1.0" encoding="UTF-8"?>
<!-- Generated by org.testng.reporters.JUnitXMLReporter -->
<testsuite hostname="Gurjeets-MacBook-Air.local" ignored="0" name="Default test" tests="3" failures="0" timestamp="2021-12-08T17:28:34 EST" time="7.329" errors="0">
  <testcase name="getUrl" time="2.237" classname="testTestNG.Class_8_Excercise"/>
  <testcase name="signinlink" time="1.905" classname="testTestNG.Class_8_Excercise"/>
  <testcase name="quit" time="1.078" classname="testTestNG.Class_8_Excercise"/>
</testsuite> <!-- Default test -->
