<?xml version="1.0" encoding="UTF-8"?>
<testng-results skipped="0" failed="0" ignored="0" total="3" passed="3">
  <reporter-output>
  </reporter-output>
  <suite name="Default suite" duration-ms="7329" started-at="2021-12-08T17:28:26 EST" finished-at="2021-12-08T17:28:34 EST">
    <groups>
    </groups>
    <test name="Default test" duration-ms="7329" started-at="2021-12-08T17:28:26 EST" finished-at="2021-12-08T17:28:34 EST">
      <class name="testTestNG.Class_8_Excercise">
        <test-method status="PASS" signature="lauchBrowser()[pri:0, instance:testTestNG.Class_8_Excercise@3d0f8e03]" name="lauchBrowser" is-config="true" duration-ms="2097" started-at="2021-12-08T17:28:26 EST" finished-at="2021-12-08T17:28:28 EST">
          <reporter-output>
          </reporter-output>
        </test-method> <!-- lauchBrowser -->
        <test-method status="PASS" signature="getUrl()[pri:0, instance:testTestNG.Class_8_Excercise@3d0f8e03]" name="getUrl" duration-ms="2237" started-at="2021-12-08T17:28:28 EST" finished-at="2021-12-08T17:28:31 EST">
          <reporter-output>
          </reporter-output>
        </test-method> <!-- getUrl -->
        <test-method status="PASS" signature="signinlink()[pri:1, instance:testTestNG.Class_8_Excercise@3d0f8e03]" name="signinlink" duration-ms="1905" started-at="2021-12-08T17:28:31 EST" finished-at="2021-12-08T17:28:33 EST">
          <reporter-output>
          </reporter-output>
        </test-method> <!-- signinlink -->
        <test-method status="PASS" signature="quit()[pri:2, instance:testTestNG.Class_8_Excercise@3d0f8e03]" name="quit" duration-ms="1078" started-at="2021-12-08T17:28:33 EST" finished-at="2021-12-08T17:28:34 EST">
          <reporter-output>
          </reporter-output>
        </test-method> <!-- quit -->
      </class> <!-- testTestNG.Class_8_Excercise -->
    </test> <!-- Default test -->
  </suite> <!-- Default suite -->
</testng-results>
